<?xml version="1.0" encoding="UTF-8"?>
<testng-results ignored="0" total="1" passed="1" failed="0" skipped="0">
  <reporter-output>
  </reporter-output>
  <suite started-at="2024-10-08T18:22:49 IST" name="Suite" finished-at="2024-10-08T18:23:11 IST" duration-ms="22351">
    <groups>
    </groups>
    <test started-at="2024-10-08T18:22:49 IST" name="Test" finished-at="2024-10-08T18:23:11 IST" duration-ms="22351">
      <class name="TestCases.CustomerModule">
        <test-method is-config="true" signature="setUp()[pri:0, instance:TestCases.CustomerModule@4c309d4d]" started-at="2024-10-08T18:22:49 IST" name="setUp" finished-at="2024-10-08T18:22:54 IST" duration-ms="5227" status="PASS">
          <reporter-output>
          </reporter-output>
        </test-method> <!-- setUp -->
        <test-method signature="Login()[pri:0, instance:TestCases.CustomerModule@4c309d4d]" started-at="2024-10-08T18:22:54 IST" name="Login" finished-at="2024-10-08T18:23:11 IST" duration-ms="16786" status="PASS">
          <reporter-output>
          </reporter-output>
        </test-method> <!-- Login -->
        <test-method is-config="true" signature="closeBrowser()[pri:0, instance:TestCases.CustomerModule@4c309d4d]" started-at="2024-10-08T18:23:11 IST" name="closeBrowser" finished-at="2024-10-08T18:23:11 IST" duration-ms="261" status="PASS">
          <reporter-output>
          </reporter-output>
        </test-method> <!-- closeBrowser -->
      </class> <!-- TestCases.CustomerModule -->
    </test> <!-- Test -->
  </suite> <!-- Suite -->
</testng-results>
